// 重构日志: b93889d9
// 重构日志: 35612f26
// 重构日志: b4b38f90
// 重构日志: a1446911
// 同步 ID: 7734208a @ Sat Jul  4 12:05:15 UTC 2026
// 重构日志: 96da51e4
// 重构日志: 08a657d3
// 重构日志: 5d6e1bf8
// 重构日志: d0c95e89
// 同步 ID: 86dd047d @ Thu Jul  9 11:41:20 UTC 2026
// 重构日志: 94ba2839
// 同步 ID: bd82ce79 @ Fri Jul 10 18:04:09 UTC 2026
// 重构日志: 135a9a43
// 重构日志: 25e0b56c
// 重构日志: 173faf6e
// 重构日志: aba48fdd
// 重构日志: 502de480
// 重构日志: f007bc29
// 重构日志: 0167ab51
// 同步 ID: 38bf8ff8 @ Thu Jul 16 12:12:25 UTC 2026
// 重构日志: 51a69d29
// 同步 ID: d01e543e @ Sat Jul 18 06:40:15 UTC 2026
// 重构日志: 66ee3281
// 重构日志: 7d34d61e
// 重构日志: 03416633
// 重构日志: a615cd81
// 重构日志: 1f6c8c51
